<?xml version="1.0" encoding="UTF-8"?>
<robot generator="Robot 5.0.1 (Python 3.10.4 on win32)" generated="20220705 22:03:03.680" rpa="false" schemaversion="3">
<suite id="s1" name="002 Filter results" source="C:\Users\Marcin\PycharmProjects\robot\robotframework-ebay-tests\testCases\002_Filter_results.robot">
<test id="s1-t1" name="case_002 Filter the search results" line="10">
<kw name="Open Browser" library="SeleniumLibrary">
<arg>${URL}</arg>
<arg>${Browser}</arg>
<doc>Opens a new browser instance to the optional ``url``.</doc>
<msg timestamp="20220705 22:03:03.870" level="INFO">Opening browser 'Chrome' to base url 'https://www.ebay.com'.</msg>
<status status="PASS" starttime="20220705 22:03:03.870" endtime="20220705 22:03:06.630"/>
</kw>
<kw name="Maximize Browser Window and Close Cookie Pop-up" library="common">
<kw name="Maximize Browser Window" library="SeleniumLibrary">
<doc>Maximizes current browser window.</doc>
<status status="PASS" starttime="20220705 22:03:06.631" endtime="20220705 22:03:06.745"/>
</kw>
<kw name="Sleep" library="BuiltIn">
<arg>4s</arg>
<doc>Pauses the test executed for the given time.</doc>
<msg timestamp="20220705 22:03:10.752" level="INFO">Slept 4 seconds</msg>
<status status="PASS" starttime="20220705 22:03:06.745" endtime="20220705 22:03:10.752"/>
</kw>
<kw name="Click Button" library="SeleniumLibrary">
<arg>//*[@id="gdpr-banner-accept"]</arg>
<doc>Clicks the button identified by ``locator``.</doc>
<msg timestamp="20220705 22:03:10.753" level="INFO">Clicking button '//*[@id="gdpr-banner-accept"]'.</msg>
<status status="PASS" starttime="20220705 22:03:10.752" endtime="20220705 22:03:10.821"/>
</kw>
<status status="PASS" starttime="20220705 22:03:06.631" endtime="20220705 22:03:10.822"/>
</kw>
<kw name="Search &amp; Choose Category" library="common">
<kw name="Click Button" library="SeleniumLibrary">
<arg>//*[@id="gh-ac"]</arg>
<doc>Clicks the button identified by ``locator``.</doc>
<msg timestamp="20220705 22:03:10.823" level="INFO">Clicking button '//*[@id="gh-ac"]'.</msg>
<status status="PASS" starttime="20220705 22:03:10.823" endtime="20220705 22:03:10.894"/>
</kw>
<kw name="Input Text" library="SeleniumLibrary">
<arg>//*[@id="gh-ac"]</arg>
<arg>dell</arg>
<doc>Types the given ``text`` into the text field identified by ``locator``.</doc>
<msg timestamp="20220705 22:03:10.894" level="INFO">Typing text 'dell' into text field '//*[@id="gh-ac"]'.</msg>
<status status="PASS" starttime="20220705 22:03:10.894" endtime="20220705 22:03:10.941"/>
</kw>
<kw name="Click Element" library="SeleniumLibrary">
<arg>//*[@id="gh-cat-box"]</arg>
<doc>Click the element identified by ``locator``.</doc>
<msg timestamp="20220705 22:03:10.941" level="INFO">Clicking element '//*[@id="gh-cat-box"]'.</msg>
<status status="PASS" starttime="20220705 22:03:10.941" endtime="20220705 22:03:11.009"/>
</kw>
<kw name="Click Element" library="SeleniumLibrary">
<arg>//*[@id="gh-cat"]/option[12]</arg>
<doc>Click the element identified by ``locator``.</doc>
<msg timestamp="20220705 22:03:11.009" level="INFO">Clicking element '//*[@id="gh-cat"]/option[12]'.</msg>
<status status="PASS" starttime="20220705 22:03:11.009" endtime="20220705 22:03:11.039"/>
</kw>
<kw name="Click Element" library="SeleniumLibrary">
<arg>//*[@id="gh-btn"]</arg>
<doc>Click the element identified by ``locator``.</doc>
<msg timestamp="20220705 22:03:11.040" level="INFO">Clicking element '//*[@id="gh-btn"]'.</msg>
<status status="PASS" starttime="20220705 22:03:11.040" endtime="20220705 22:03:12.949"/>
</kw>
<kw name="Wait Until Page Contains" library="SeleniumLibrary">
<arg>results</arg>
<doc>Waits until ``text`` appears on the current page.</doc>
<status status="PASS" starttime="20220705 22:03:12.949" endtime="20220705 22:03:13.003"/>
</kw>
<status status="PASS" starttime="20220705 22:03:10.822" endtime="20220705 22:03:13.003"/>
</kw>
<kw name="Click Element" library="SeleniumLibrary">
<arg>//*[@id="s0-50-12-0-1-2-6-0-7[0]-13[0]-13[0]"]/button</arg>
<doc>Click the element identified by ``locator``.</doc>
<msg timestamp="20220705 22:03:13.004" level="INFO">Clicking element '//*[@id="s0-50-12-0-1-2-6-0-7[0]-13[0]-13[0]"]/button'.</msg>
<status status="PASS" starttime="20220705 22:03:13.003" endtime="20220705 22:03:13.397"/>
</kw>
<kw name="Click Element" library="SeleniumLibrary">
<arg>//*[@id="x-refine__group__0"]/ul/li/ul/li[1]/ul/li[12]/a</arg>
<doc>Click the element identified by ``locator``.</doc>
<msg timestamp="20220705 22:03:13.397" level="INFO">Clicking element '//*[@id="x-refine__group__0"]/ul/li/ul/li[1]/ul/li[12]/a'.</msg>
<status status="PASS" starttime="20220705 22:03:13.397" endtime="20220705 22:03:15.017"/>
</kw>
<status status="PASS" starttime="20220705 22:03:03.869" endtime="20220705 22:03:15.018"/>
</test>
<status status="PASS" starttime="20220705 22:03:03.681" endtime="20220705 22:03:15.019"/>
</suite>
<statistics>
<total>
<stat pass="1" fail="0" skip="0">All Tests</stat>
</total>
<tag>
</tag>
<suite>
<stat pass="1" fail="0" skip="0" id="s1" name="002 Filter results">002 Filter results</stat>
</suite>
</statistics>
<errors>
</errors>
</robot>
